<?xml version="1.0" encoding="UTF-8"?>
<!-- Generated by org.testng.reporters.JUnitReportReporter -->
<testsuite name="Tests.TopRatedMoviesSortByNumberOfRatingsDesc" tests="1" time="0.000" ignored="2" failures="0" timestamp="15 Jul 2019 11:35:26 GMT" skipped="1" hostname="LHTU05CG63650JX" errors="0">
  <testcase name="TopRatedMoviesSortByNumberOfRatingsDesc" time="0.000" classname="Tests.TopRatedMoviesSortByNumberOfRatingsDesc">
    <skipped/>
  </testcase> <!-- TopRatedMoviesSortByNumberOfRatingsDesc -->
  <testcase name="beforeSuite" classname="Tests.BaseTest">
    <skipped/>
  </testcase> <!-- beforeSuite -->
  <testcase name="afterSuite" classname="Tests.BaseTest">
    <skipped/>
  </testcase> <!-- afterSuite -->
</testsuite> <!-- Tests.TopRatedMoviesSortByNumberOfRatingsDesc -->
