<?xml version="1.0" encoding="UTF-8"?>
<!-- Generated by org.testng.reporters.JUnitReportReporter -->
<testsuite name="Tests.TopRatedMoviesSortByRankAsc" tests="1" time="96.448" ignored="0" failures="0" timestamp="15 Jul 2019 10:10:02 GMT" skipped="0" hostname="LHTU05CG63650JX" errors="0">
  <testcase name="f" time="96.448" classname="Tests.TopRatedMoviesSortByRankAsc"/>
</testsuite> <!-- Tests.TopRatedMoviesSortByRankAsc -->
